[07-Feb-2024 13:44:37 UTC] WordPress database error Table 'wp_actionscheduler_actions' already exists for query CREATE TABLE wp_actionscheduler_actions (
				        action_id bigint(20) unsigned NOT NULL auto_increment,
				        hook varchar(191) NOT NULL,
				        status varchar(20) NOT NULL,
				        scheduled_date_gmt datetime NULL default '0000-00-00 00:00:00',
				        scheduled_date_local datetime NULL default '0000-00-00 00:00:00',
				        args varchar(191),
				        schedule longtext,
				        group_id bigint(20) unsigned NOT NULL default '0',
				        attempts int(11) NOT NULL default '0',
				        last_attempt_gmt datetime NULL default '0000-00-00 00:00:00',
				        last_attempt_local datetime NULL default '0000-00-00 00:00:00',
				        claim_id bigint(20) unsigned NOT NULL default '0',
				        extended_args varchar(8000) DEFAULT NULL,
				        PRIMARY KEY  (action_id),
				        KEY hook (hook(191)),
				        KEY status (status),
				        KEY scheduled_date_gmt (scheduled_date_gmt),
				        KEY args (args(191)),
				        KEY group_id (group_id),
				        KEY last_attempt_gmt (last_attempt_gmt),
				        KEY `claim_id_status_scheduled_date_gmt` (`claim_id`, `status`, `scheduled_date_gmt`)
				        ) DEFAULT CHARACTER SET utf8mb4 COLLATE utf8mb4_unicode_520_ci made by do_action('wp_ajax_owp_ajax_required_plugins_activate'), WP_Hook->do_action, WP_Hook->apply_filters, OceanWP_Demos->ajax_required_plugins_activate, activate_plugin, plugin_sandbox_scrape, include_once('/plugins/wpforms-lite/wpforms.php'), wpforms, WPForms\WPForms::instance, WPForms\WPForms->includes, WPForms\WPForms->includes_magic, require_once('/plugins/wpforms-lite/vendor/woocommerce/action-scheduler/action-scheduler.php'), action_scheduler_initialize_3_dot_4_dot_0, ActionScheduler::init, ActionScheduler_HybridStore->init, ActionScheduler_DBStore->init, ActionScheduler_Abstract_Schema->register_tables, ActionScheduler_Abstract_Schema->update_table, dbDelta
[07-Feb-2024 13:44:37 UTC] WordPress database error Duplicate entry '5' for key 'PRIMARY' for query INSERT INTO `wp_actionscheduler_actions` (`action_id`, `hook`, `status`, `scheduled_date_gmt`, `scheduled_date_local`, `last_attempt_gmt`, `last_attempt_local`) VALUES ('5', '', '', '2024-02-08 00:00:00', '2024-02-08 00:00:00', '2024-02-08 00:00:00', '2024-02-08 00:00:00') made by do_action('wp_ajax_owp_ajax_required_plugins_activate'), WP_Hook->do_action, WP_Hook->apply_filters, OceanWP_Demos->ajax_required_plugins_activate, activate_plugin, plugin_sandbox_scrape, include_once('/plugins/wpforms-lite/wpforms.php'), wpforms, WPForms\WPForms::instance, WPForms\WPForms->includes, WPForms\WPForms->includes_magic, require_once('/plugins/wpforms-lite/vendor/woocommerce/action-scheduler/action-scheduler.php'), action_scheduler_initialize_3_dot_4_dot_0, ActionScheduler::init, ActionScheduler_HybridStore->init, ActionScheduler_DBStore->init, ActionScheduler_Abstract_Schema->register_tables, ActionScheduler_Abstract_Schema->update_table, do_action('action_scheduler/created_table'), WP_Hook->do_action, WP_Hook->apply_filters, ActionScheduler_HybridStore->set_autoincrement
